生成启动时间为 2019/4/20 16:34:16。
     1>项目“C:\!soccor\SOM v3.3.3\Team_BLUE\RoboCup\PenaltyKick\PenaltyKick\PenaltyKick.vcxproj”在节点 2 上(Build 个目标)。
     1>ClCompile:
         C:\Visual Studio 2013\VC\bin\CL.exe /c /I"C:\!soccor\SOM v3.3.3\Team_BLUE\RoboCup\PenaltyKick\PenaltyKick\src\worldmodel_lib" /I"C:\!soccor\SOM v3.3.3\Team_BLUE\RoboCup\PenaltyKick\PenaltyKick\\worldmodel_lib" /ZI /nologo /W3 /WX- /Od /Oy- /D WIN32 /D _DEBUG /D _WINDOWS /D _USRDLL /D PENALTYKICK_EXPORTS /D _WINDLL /D _UNICODE /D UNICODE /Gm /EHsc /RTC1 /MDd /GS /fp:precise /Zc:wchar_t /Zc:forScope /Fo"Debug\\" /Fd"Debug\vc120.pdb" /Gd /TP /analyze- /errorReport:prompt src\PenaltyKick.cpp src\utils\maths.cpp
         maths.cpp
     1>c:\!soccor\som v3.3.3\team_blue\robocup\penaltykick\penaltykick\src\utils\vector.h(662): warning C4244: “参数”: 从“double”转换到“float”，可能丢失数据
     1>c:\!soccor\som v3.3.3\team_blue\robocup\penaltykick\penaltykick\src\utils\maths.cpp(3): warning C4244: “参数”: 从“const double”转换到“float”，可能丢失数据
     1>c:\!soccor\som v3.3.3\team_blue\robocup\penaltykick\penaltykick\src\utils\maths.cpp(4): warning C4244: “参数”: 从“const double”转换到“float”，可能丢失数据
     1>c:\!soccor\som v3.3.3\team_blue\robocup\penaltykick\penaltykick\src\utils\maths.cpp(5): warning C4244: “参数”: 从“const double”转换到“float”，可能丢失数据
     1>c:\!soccor\som v3.3.3\team_blue\robocup\penaltykick\penaltykick\src\utils\maths.cpp(6): warning C4244: “参数”: 从“const double”转换到“float”，可能丢失数据
     1>c:\!soccor\som v3.3.3\team_blue\robocup\penaltykick\penaltykick\src\utils\maths.cpp(7): warning C4244: “参数”: 从“const double”转换到“float”，可能丢失数据
     1>c:\!soccor\som v3.3.3\team_blue\robocup\penaltykick\penaltykick\src\utils\maths.cpp(8): warning C4244: “参数”: 从“const double”转换到“float”，可能丢失数据
     1>c:\!soccor\som v3.3.3\team_blue\robocup\penaltykick\penaltykick\src\utils\maths.cpp(9): warning C4244: “参数”: 从“const double”转换到“float”，可能丢失数据
     1>c:\!soccor\som v3.3.3\team_blue\robocup\penaltykick\penaltykick\src\utils\maths.cpp(10): warning C4244: “参数”: 从“const double”转换到“float”，可能丢失数据
     1>c:\!soccor\som v3.3.3\team_blue\robocup\penaltykick\penaltykick\src\utils\maths.cpp(11): warning C4244: “参数”: 从“const double”转换到“float”，可能丢失数据
     1>c:\!soccor\som v3.3.3\team_blue\robocup\penaltykick\penaltykick\src\utils\maths.cpp(12): warning C4244: “参数”: 从“const double”转换到“float”，可能丢失数据
     1>c:\!soccor\som v3.3.3\team_blue\robocup\penaltykick\penaltykick\src\utils\maths.cpp(13): warning C4244: “参数”: 从“const double”转换到“float”，可能丢失数据
     1>c:\!soccor\som v3.3.3\team_blue\robocup\penaltykick\penaltykick\src\utils\maths.cpp(14): warning C4244: “参数”: 从“const double”转换到“float”，可能丢失数据
     1>c:\!soccor\som v3.3.3\team_blue\robocup\penaltykick\penaltykick\src\utils\maths.cpp(15): warning C4244: “参数”: 从“const double”转换到“float”，可能丢失数据
     1>c:\!soccor\som v3.3.3\team_blue\robocup\penaltykick\penaltykick\src\utils\maths.cpp(16): warning C4244: “参数”: 从“const double”转换到“float”，可能丢失数据
     1>c:\!soccor\som v3.3.3\team_blue\robocup\penaltykick\penaltykick\src\utils\maths.cpp(17): warning C4244: “参数”: 从“const double”转换到“float”，可能丢失数据
     1>c:\!soccor\som v3.3.3\team_blue\robocup\penaltykick\penaltykick\src\utils\maths.cpp(18): warning C4244: “参数”: 从“const double”转换到“float”，可能丢失数据
     1>c:\!soccor\som v3.3.3\team_blue\robocup\penaltykick\penaltykick\src\utils\maths.cpp(26): warning C4244: “=”: 从“double”转换到“float”，可能丢失数据
     1>c:\!soccor\som v3.3.3\team_blue\robocup\penaltykick\penaltykick\src\utils\maths.cpp(28): warning C4305: “-=”: 从“double”到“float”截断
     1>c:\!soccor\som v3.3.3\team_blue\robocup\penaltykick\penaltykick\src\utils\maths.cpp(30): warning C4305: “+=”: 从“double”到“float”截断
     1>c:\!soccor\som v3.3.3\team_blue\robocup\penaltykick\penaltykick\src\utils\maths.cpp(40): warning C4244: “参数”: 从“const double”转换到“float”，可能丢失数据
     1>c:\!soccor\som v3.3.3\team_blue\robocup\penaltykick\penaltykick\src\utils\maths.cpp(48): warning C4305: “初始化”: 从“double”到“float”截断
     1>c:\!soccor\som v3.3.3\team_blue\robocup\penaltykick\penaltykick\src\utils\maths.cpp(67): warning C4018: “<”: 有符号/无符号不匹配
     1>c:\!soccor\som v3.3.3\team_blue\robocup\penaltykick\penaltykick\src\utils\maths.cpp(76): warning C4018: “<”: 有符号/无符号不匹配
     1>c:\!soccor\som v3.3.3\team_blue\robocup\penaltykick\penaltykick\src\utils\maths.cpp(92): warning C4244: “=”: 从“double”转换到“float”，可能丢失数据
     1>c:\!soccor\som v3.3.3\team_blue\robocup\penaltykick\penaltykick\src\utils\maths.cpp(93): warning C4244: “=”: 从“double”转换到“float”，可能丢失数据
     1>c:\!soccor\som v3.3.3\team_blue\robocup\penaltykick\penaltykick\src\utils\util.h(119): warning C4244: “-=”: 从“double”转换到“float”，可能丢失数据
                 c:\!soccor\som v3.3.3\team_blue\robocup\penaltykick\penaltykick\src\utils\maths.cpp(59): 参见对正在编译的函数 模板 实例化“real angle_mod<num>(real)”的引用
                 with
                 [
                     real=float
         ,            num=float
                 ]
     1>c:\!soccor\som v3.3.3\team_blue\robocup\penaltykick\penaltykick\src\utils\vector.h(513): warning C4244: “参数”: 从“double”转换到“const float”，可能丢失数据
                 c:\!soccor\som v3.3.3\team_blue\robocup\penaltykick\penaltykick\src\utils\maths.cpp(125): 参见对正在编译的函数 模板 实例化“vector Vector::point_on_segment<point2f>(const vector,const vector,const vector,bool)”的引用
                 with
                 [
                     vector=point2f
                 ]
         PenaltyKick.cpp
     1>c:\!soccor\som v3.3.3\team_blue\robocup\penaltykick\penaltykick\src\penaltykick.cpp : warning C4819: 该文件包含不能在当前代码页(936)中表示的字符。请将该文件保存为 Unicode 格式以防止数据丢失
     1>c:\!soccor\som v3.3.3\team_blue\robocup\penaltykick\penaltykick\src\utils\vector.h(662): warning C4244: “参数”: 从“double”转换到“float”，可能丢失数据
     1>c:\!soccor\som v3.3.3\team_blue\robocup\penaltykick\penaltykick\src\utils\game_state.h(125): warning C4800: “const int”: 将值强制为布尔值“true”或“false”(性能警告)
     1>c:\!soccor\som v3.3.3\team_blue\robocup\penaltykick\penaltykick\src\utils\game_state.h(129): warning C4800: “const int”: 将值强制为布尔值“true”或“false”(性能警告)
     1>c:\!soccor\som v3.3.3\team_blue\robocup\penaltykick\penaltykick\src\utils\game_state.h(133): warning C4800: “const int”: 将值强制为布尔值“true”或“false”(性能警告)
     1>c:\!soccor\som v3.3.3\team_blue\robocup\penaltykick\penaltykick\src\utils\game_state.h(137): warning C4800: “const int”: 将值强制为布尔值“true”或“false”(性能警告)
     1>c:\!soccor\som v3.3.3\team_blue\robocup\penaltykick\penaltykick\src\utils\game_state.h(141): warning C4800: “const int”: 将值强制为布尔值“true”或“false”(性能警告)
     1>c:\!soccor\som v3.3.3\team_blue\robocup\penaltykick\penaltykick\src\penaltykick.cpp(171): warning C4244: “参数”: 从“const double”转换到“float”，可能丢失数据
     1>c:\!soccor\som v3.3.3\team_blue\robocup\penaltykick\penaltykick\src\penaltykick.cpp(182): warning C4244: “=”: 从“const double”转换到“float”，可能丢失数据
     1>c:\!soccor\som v3.3.3\team_blue\robocup\penaltykick\penaltykick\src\penaltykick.cpp(206): warning C4244: “参数”: 从“const double”转换到“float”，可能丢失数据
     1>c:\!soccor\som v3.3.3\team_blue\robocup\penaltykick\penaltykick\src\utils\util.h(128): warning C4244: “-=”: 从“double”转换到“float”，可能丢失数据
                 c:\!soccor\som v3.3.3\team_blue\robocup\penaltykick\penaltykick\src\penaltykick.cpp(161): 参见对正在编译的函数 模板 实例化“real anglemod<float>(real)”的引用
                 with
                 [
                     real=float
                 ]
     1>c:\!soccor\som v3.3.3\team_blue\robocup\penaltykick\penaltykick\src\utils\vector.h(513): warning C4244: “参数”: 从“double”转换到“const float”，可能丢失数据
                 c:\!soccor\som v3.3.3\team_blue\robocup\penaltykick\penaltykick\src\penaltykick.cpp(198): 参见对正在编译的函数 模板 实例化“vector Vector::point_on_segment<point2f>(const vector,const vector,const vector,bool)”的引用
                 with
                 [
                     vector=point2f
                 ]
         正在生成代码...
       Link:
         C:\Visual Studio 2013\VC\bin\link.exe /ERRORREPORT:PROMPT /OUT:"C:\!soccor\SOM v3.3.3\Team_BLUE\RoboCup\PenaltyKick\Debug\PenaltyKick.dll" /INCREMENTAL /NOLOGO /LIBPATH:"C:\!soccor\SOM v3.3.3\Team_BLUE\RoboCup\PenaltyKick\PenaltyKick\\worldmodel_lib" /LIBPATH:"C:\!soccor\SOM v3.3.3\Team_BLUE\RoboCup\PenaltyKick\PenaltyKick\src\worldmodel_lib" worldmodel_lib.lib opencv_world343d.lib opencv_world343.lib kernel32.lib user32.lib gdi32.lib winspool.lib comdlg32.lib advapi32.lib shell32.lib ole32.lib oleaut32.lib uuid.lib odbc32.lib odbccp32.lib /MANIFEST /MANIFESTUAC:"level='asInvoker' uiAccess='false'" /manifest:embed /DEBUG /PDB:"C:\!soccor\SOM v3.3.3\Team_BLUE\RoboCup\PenaltyKick\Debug\PenaltyKick.pdb" /SUBSYSTEM:WINDOWS /TLBID:1 /DYNAMICBASE /NXCOMPAT /IMPLIB:"C:\!soccor\SOM v3.3.3\Team_BLUE\RoboCup\PenaltyKick\Debug\PenaltyKick.lib" /MACHINE:X86 /DLL Debug\PenaltyKick.obj
         Debug\maths.obj
         src\worldmodel_lib\worldmodel_lib.lib
         worldmodel_lib.lib(worldmodel.obj) : 找到 MSIL .netmodule 或使用 /GL 编译的模块；正在使用 /LTCG 重新启动链接；将 /LTCG 添加到链接命令行以改进链接器性能
     1>LINK : warning LNK4075: 忽略“/INCREMENTAL”(由于“/LTCG”规范)
     1>PenaltyKick.obj : warning LNK4075: 忽略“/EDITANDCONTINUE”(由于“/OPT:LBR”规范)
     1>worldmodel_lib.lib(worldmodel.obj) : error LNK2038: 检测到“_ITERATOR_DEBUG_LEVEL”的不匹配项:  值“0”不匹配值“2”(PenaltyKick.obj 中)
     1>worldmodel_lib.lib(worldmodel.obj) : error LNK2038: 检测到“RuntimeLibrary”的不匹配项:  值“MD_DynamicRelease”不匹配值“MDd_DynamicDebug”(PenaltyKick.obj 中)
     1>LINK : warning LNK4098: 默认库“MSVCRT”与其他库的使用冲突；请使用 /NODEFAULTLIB:library
     1>C:\!soccor\SOM v3.3.3\Team_BLUE\RoboCup\PenaltyKick\Debug\PenaltyKick.dll : fatal error LNK1319: 检测到 2 个不匹配项
     1>已完成生成项目“C:\!soccor\SOM v3.3.3\Team_BLUE\RoboCup\PenaltyKick\PenaltyKick\PenaltyKick.vcxproj”(Build 个目标)的操作 - 失败。

生成失败。

已用时间 00:00:01.44
