c:\users\gavin\downloads\shoot\myskill\release\vc120.pdb
c:\!soccor\skill2\skill2\shoot\shoot\myskill\release\vc120.pdb
c:\!soccor\skill2\skill2\shoot\shoot\myskill\release\maths.obj
c:\!soccor\skill2\skill2\shoot\shoot\myskill\release\myskill.obj
c:\!soccor\som v3.3.3\team_blue\robocup\goreveivepos\myskill\release\vc120.pdb
c:\!soccor\som v3.3.3\team_blue\robocup\goreveivepos\myskill\release\maths.obj
c:\!soccor\som v3.3.3\team_blue\robocup\goreveivepos\myskill\release\goreceivepos.obj
c:\users\gavin\downloads\shoot\release\myskill.dll
c:\users\gavin\downloads\shoot\release\myskill.pdb
c:\!soccor\skill2\skill2\shoot\shoot\release\myskill.dll
c:\!soccor\skill2\skill2\shoot\shoot\release\myskill.pdb
c:\!soccor\som v3.3.3\team_blue\robocup\goreveivepos\release\myskill.dll
c:\!soccor\som v3.3.3\team_blue\robocup\goreveivepos\release\myskill.pdb
c:\users\gavin\downloads\shoot\release\myskill.lib
c:\users\gavin\downloads\shoot\release\myskill.exp
c:\!soccor\skill2\skill2\shoot\shoot\release\myskill.lib
c:\!soccor\skill2\skill2\shoot\shoot\release\myskill.exp
c:\!soccor\som v3.3.3\team_blue\robocup\goreveivepos\release\myskill.lib
c:\!soccor\som v3.3.3\team_blue\robocup\goreveivepos\release\myskill.exp
c:\!soccor\som v3.3.3\team_blue\robocup\goreveivepos\myskill\release\myskill.obj
c:\!soccor\som v3.3.3\team_blue\robocup\goreveivepos\myskill\release\myskill.tlog\cl.command.1.tlog
c:\!soccor\som v3.3.3\team_blue\robocup\goreveivepos\myskill\release\myskill.tlog\cl.read.1.tlog
c:\!soccor\som v3.3.3\team_blue\robocup\goreveivepos\myskill\release\myskill.tlog\cl.write.1.tlog
c:\!soccor\som v3.3.3\team_blue\robocup\goreveivepos\myskill\release\myskill.tlog\link.command.1.tlog
c:\!soccor\som v3.3.3\team_blue\robocup\goreveivepos\myskill\release\myskill.tlog\link.read.1.tlog
c:\!soccor\som v3.3.3\team_blue\robocup\goreveivepos\myskill\release\myskill.tlog\link.write.1.tlog
c:\!soccor\som v3.3.3\team_blue\robocup\goreveivepos\myskill\release\myskill.tlog\myskill.write.1u.tlog
