  def.cpp
c:\!soccor\som v3.3.3\team_blue\robocup\zjunit - 副本 myskill2\zjunit\src\def.cpp : warning C4819: 该文件包含不能在当前代码页(936)中表示的字符。请将该文件保存为 Unicode 格式以防止数据丢失
c:\!soccor\som v3.3.3\team_blue\robocup\zjunit - 副本 myskill2\zjunit\src\utils\vector.h(662): warning C4244: “参数”: 从“num”转换到“num”，可能丢失数据
          with
          [
              num=double
          ]
          and
          [
              num=float
          ]
c:\!soccor\som v3.3.3\team_blue\robocup\zjunit - 副本 myskill2\zjunit\src\def.cpp(4): warning C4190: “player_plan”有指定的 C 链接，但返回了与 C 不兼容的 UDT“PlayerTask”
  c:\!soccor\som v3.3.3\team_blue\robocup\zjunit - 副本 myskill2\zjunit\src\utils\playertask.h(29): note: 参见“PlayerTask”的声明
c:\!soccor\som v3.3.3\team_blue\robocup\zjunit - 副本 myskill2\zjunit\src\def.cpp(33): warning C4244: “参数”: 从“double”转换到“float”，可能丢失数据
c:\!soccor\som v3.3.3\team_blue\robocup\zjunit - 副本 myskill2\zjunit\src\def.cpp(41): warning C4244: “参数”: 从“double”转换到“float”，可能丢失数据
  myskill.cpp
c:\!soccor\som v3.3.3\team_blue\robocup\zjunit - 副本 myskill2\zjunit\src\myskill.cpp : warning C4819: 该文件包含不能在当前代码页(936)中表示的字符。请将该文件保存为 Unicode 格式以防止数据丢失
c:\!soccor\som v3.3.3\team_blue\robocup\zjunit - 副本 myskill2\zjunit\src\utils\vector.h(662): warning C4244: “参数”: 从“num”转换到“num”，可能丢失数据
          with
          [
              num=double
          ]
          and
          [
              num=float
          ]
c:\!soccor\som v3.3.3\team_blue\robocup\zjunit - 副本 myskill2\zjunit\src\myskill.cpp(4): warning C4190: “player_plan”有指定的 C 链接，但返回了与 C 不兼容的 UDT“PlayerTask”
  c:\!soccor\som v3.3.3\team_blue\robocup\zjunit - 副本 myskill2\zjunit\src\utils\playertask.h(29): note: 参见“PlayerTask”的声明
c:\!soccor\som v3.3.3\team_blue\robocup\zjunit - 副本 myskill2\zjunit\src\myskill.cpp(33): error C2440: “初始化”: 无法从“Vector::vector2d<float>”转换为“point2f &”
  c:\!soccor\som v3.3.3\team_blue\robocup\zjunit - 副本 myskill2\zjunit\src\myskill.cpp(33): note: 非常量引用只能绑定到左值
c:\!soccor\som v3.3.3\team_blue\robocup\zjunit - 副本 myskill2\zjunit\src\myskill.cpp(37): warning C4305: “初始化”: 从“double”到“float”截断
c:\!soccor\som v3.3.3\team_blue\robocup\zjunit - 副本 myskill2\zjunit\src\myskill.cpp(39): warning C4305: “初始化”: 从“double”到“const float”截断
  maths.cpp
c:\!soccor\som v3.3.3\team_blue\robocup\zjunit - 副本 myskill2\zjunit\src\utils\vector.h(662): warning C4244: “参数”: 从“num”转换到“num”，可能丢失数据
          with
          [
              num=double
          ]
          and
          [
              num=float
          ]
c:\!soccor\som v3.3.3\team_blue\robocup\zjunit - 副本 myskill2\zjunit\src\utils\maths.cpp(26): warning C4244: “=”: 从“double”转换到“float”，可能丢失数据
c:\!soccor\som v3.3.3\team_blue\robocup\zjunit - 副本 myskill2\zjunit\src\utils\maths.cpp(28): warning C4305: “-=”: 从“double”到“float”截断
c:\!soccor\som v3.3.3\team_blue\robocup\zjunit - 副本 myskill2\zjunit\src\utils\maths.cpp(30): warning C4305: “+=”: 从“double”到“float”截断
c:\!soccor\som v3.3.3\team_blue\robocup\zjunit - 副本 myskill2\zjunit\src\utils\maths.cpp(40): warning C4244: “参数”: 从“const double”转换到“float”，可能丢失数据
c:\!soccor\som v3.3.3\team_blue\robocup\zjunit - 副本 myskill2\zjunit\src\utils\maths.cpp(48): warning C4305: “初始化”: 从“double”到“float”截断
c:\!soccor\som v3.3.3\team_blue\robocup\zjunit - 副本 myskill2\zjunit\src\utils\maths.cpp(92): warning C4244: “=”: 从“double”转换到“float”，可能丢失数据
c:\!soccor\som v3.3.3\team_blue\robocup\zjunit - 副本 myskill2\zjunit\src\utils\maths.cpp(93): warning C4244: “=”: 从“double”转换到“float”，可能丢失数据
c:\!soccor\som v3.3.3\team_blue\robocup\zjunit - 副本 myskill2\zjunit\src\utils\util.h(121): warning C4244: “-=”: 从“double”转换到“real”，可能丢失数据
          with
          [
              real=float
          ]
  c:\!soccor\som v3.3.3\team_blue\robocup\zjunit - 副本 myskill2\zjunit\src\utils\maths.cpp(59): note: 参见对正在编译的函数 模板 实例化“real angle_mod<num>(real)”的引用
          with
          [
              real=float,
              num=float
          ]
c:\!soccor\som v3.3.3\team_blue\robocup\zjunit - 副本 myskill2\zjunit\src\utils\vector.h(513): warning C4244: “参数”: 从“double”转换到“const num”，可能丢失数据
          with
          [
              num=float
          ]
  c:\!soccor\som v3.3.3\team_blue\robocup\zjunit - 副本 myskill2\zjunit\src\utils\maths.cpp(125): note: 参见对正在编译的函数 模板 实例化“vector Vector::point_on_segment<point2f>(const vector,const vector,const vector,bool)”的引用
          with
          [
              vector=point2f
          ]
