c:\!soccor\som v3.3.3\humanhungry\myskill\release\vc120.pdb
c:\!soccor\som v3.3.3\humanhungry\myskill\release\maths.obj
c:\!soccor\som v3.3.3\humanhungry\myskill\release\lsm.obj
c:\!soccor\som v3.3.3\humanhungry\myskill\release\kickflatshoot.obj
c:\!soccor\som v3.3.3\humanhungry\myskill\release\getball.obj
c:\!soccor\som v3.3.3\humanhungry\myskill\release\alice.obj
c:\!soccor\som v3.3.3\humanhungry\release\myskill.dll
c:\!soccor\som v3.3.3\humanhungry\release\myskill.pdb
c:\!soccor\som v3.3.3\humanhungry\release\myskill.lib
c:\!soccor\som v3.3.3\humanhungry\release\myskill.exp
c:\!soccor\som v3.3.3\humanhungry\myskill\release\gotopos.obj
c:\!soccor\som v3.3.3\humanhungry\myskill\release\kickoff_init.obj
c:\!soccor\som v3.3.3\humanhungry\myskill\release\penaltydef.obj
c:\!soccor\som v3.3.3\humanhungry\myskill\release\penaltydef2.obj
c:\!soccor\som v3.3.3\humanhungry\myskill\release\penaltykick.obj
c:\!soccor\som v3.3.3\humanhungry\myskill\release\shoot.obj
c:\!soccor\som v3.3.3\humanhungry\myskill\release\nativecodeanalysis.read.1.tlog
c:\!soccor\som v3.3.3\humanhungry\myskill\release\getball.nativecodeanalysis.xml
c:\!soccor\som v3.3.3\humanhungry\myskill\release\maths.nativecodeanalysis.xml
c:\!soccor\som v3.3.3\humanhungry\myskill\release\shoot.nativecodeanalysis.xml
c:\!soccor\som v3.3.3\humanhungry\myskill\release\vc.nativecodeanalysis.all.xml
c:\!soccor\som v3.3.3\humanhungry\release\myskill.dll.lastcodeanalysissucceeded
c:\!soccor\som v3.3.3\humanhungry\myskill\release\myskill.tlog\cl.command.1.tlog
c:\!soccor\som v3.3.3\humanhungry\myskill\release\myskill.tlog\cl.read.1.tlog
c:\!soccor\som v3.3.3\humanhungry\myskill\release\myskill.tlog\cl.write.1.tlog
c:\!soccor\som v3.3.3\humanhungry\myskill\release\myskill.tlog\link.command.1.tlog
c:\!soccor\som v3.3.3\humanhungry\myskill\release\myskill.tlog\link.read.1.tlog
c:\!soccor\som v3.3.3\humanhungry\myskill\release\myskill.tlog\link.write.1.tlog
c:\!soccor\som v3.3.3\humanhungry\myskill\release\myskill.tlog\myskill.write.1u.tlog
