c:\!soccor\som v3.3.3\team_blue\robocup\template\zjunit\zjunit\x64\release\vc141.pdb
c:\!soccor\som v3.3.3\team_blue\robocup\template\zjunit\zjunit\x64\release\def.obj
c:\!soccor\som v3.3.3\team_blue\robocup\template\zjunit\zjunit\x64\release\maths.obj
c:\!soccor\som v3.3.3\team_blue\robocup\template\zjunit\zjunit\x64\release\shoot.obj
c:\!soccor\som v3.3.3\team_blue\robocup\template\zjunit\zjunit\x64\release\gotopos.obj
c:\!soccor\som v3.3.3\team_blue\robocup\template\zjunit\zjunit\x64\release\refdef.obj
c:\!soccor\som v3.3.3\team_blue\robocup\template\zjunit\zjunit\x64\release\receiveball.obj
c:\!soccor\som v3.3.3\team_blue\robocup\template\zjunit\zjunit\x64\release\penaltykick.obj
c:\!soccor\som v3.3.3\team_blue\robocup\template\zjunit\zjunit\x64\release\passball.obj
c:\!soccor\som v3.3.3\team_blue\robocup\template\zjunit\zjunit\x64\release\normaldef.obj
c:\!soccor\som v3.3.3\team_blue\robocup\template\zjunit\zjunit\x64\release\getball.obj
c:\!soccor\som v3.3.3\team_blue\robocup\template\zjunit\zjunit\x64\release\penaltydef.obj
c:\!soccor\som v3.3.3\team_blue\robocup\template\zjunit\zjunit\x64\release\goalie.obj
c:\!soccor\som v3.3.3\team_blue\robocup\template\zjunit\zjunit\x64\release\goreceivepos.obj
c:\!soccor\som v3.3.3\team_blue\robocup\template\zjunit\zjunit\x64\release\zjunit.tlog\cl.command.1.tlog
c:\!soccor\som v3.3.3\team_blue\robocup\template\zjunit\zjunit\x64\release\zjunit.tlog\cl.read.1.tlog
c:\!soccor\som v3.3.3\team_blue\robocup\template\zjunit\zjunit\x64\release\zjunit.tlog\cl.write.1.tlog
c:\!soccor\som v3.3.3\team_blue\robocup\template\zjunit\zjunit\x64\release\zjunit.tlog\link.command.1.tlog
c:\!soccor\som v3.3.3\team_blue\robocup\template\zjunit\zjunit\x64\release\zjunit.tlog\link.read.1.tlog
c:\!soccor\som v3.3.3\team_blue\robocup\template\zjunit\zjunit\x64\release\zjunit.tlog\link.write.1.tlog
